<?xml version="1.0" encoding="UTF-8"?>
<testsuite name="com.example.app.TransactionApiTest" tests="1" skipped="0" failures="0" errors="0" timestamp="2026-03-14T13:38:48.979Z" hostname="LAPTOP-F8G7V5FV" time="0.485">
  <properties/>
  <testcase name="should create, retrieve, update and delete a transaction()" classname="com.example.app.TransactionApiTest" time="0.485"/>
  <system-out><![CDATA[2026-03-14T21:38:47.468+08:00  INFO 41776 --- [account-book-backend] [    Test worker] .b.t.c.SpringBootTestContextBootstrapper : Found @SpringBootConfiguration com.example.app.Application for test class com.example.app.TransactionApiTest

  .   ____          _            __ _ _
 /\\ / ___'_ __ _ _(_)_ __  __ _ \ \ \ \
( ( )\___ | '_ | '_| | '_ \/ _` | \ \ \ \
 \\/  ___)| |_)| | | | | || (_| |  ) ) ) )
  '  |____| .__|_| |_|_| |_\__, | / / / /
 =========|_|==============|___/=/_/_/_/

 :: Spring Boot ::                (v3.3.5)

2026-03-14T21:38:47.537+08:00  INFO 41776 --- [account-book-backend] [    Test worker] com.example.app.TransactionApiTest       : Starting TransactionApiTest using Java 21.0.9 with PID 41776 (started by lenovo in D:\project\AndroidProject\code_learning\backend\accountbook_backend\account_book\backend)
2026-03-14T21:38:47.538+08:00  INFO 41776 --- [account-book-backend] [    Test worker] com.example.app.TransactionApiTest       : No active profile set, falling back to 1 default profile: "default"
2026-03-14T21:38:47.911+08:00  INFO 41776 --- [account-book-backend] [    Test worker] .s.d.r.c.RepositoryConfigurationDelegate : Bootstrapping Spring Data JPA repositories in DEFAULT mode.
2026-03-14T21:38:47.940+08:00  INFO 41776 --- [account-book-backend] [    Test worker] .s.d.r.c.RepositoryConfigurationDelegate : Finished Spring Data repository scanning in 28 ms. Found 3 JPA repository interfaces.
2026-03-14T21:38:48.132+08:00  INFO 41776 --- [account-book-backend] [    Test worker] com.zaxxer.hikari.HikariDataSource       : HikariPool-2 - Starting...
2026-03-14T21:38:48.162+08:00  INFO 41776 --- [account-book-backend] [    Test worker] com.zaxxer.hikari.pool.HikariPool        : HikariPool-2 - Added connection org.postgresql.jdbc.PgConnection@21d131e7
2026-03-14T21:38:48.162+08:00  INFO 41776 --- [account-book-backend] [    Test worker] com.zaxxer.hikari.HikariDataSource       : HikariPool-2 - Start completed.
2026-03-14T21:38:48.163+08:00  INFO 41776 --- [account-book-backend] [    Test worker] org.flywaydb.core.FlywayExecutor         : Database: jdbc:postgresql://localhost:5432/account_book (PostgreSQL 18.3)
2026-03-14T21:38:48.164+08:00  WARN 41776 --- [account-book-backend] [    Test worker] o.f.c.internal.database.base.Database    : Flyway upgrade recommended: PostgreSQL 18.3 is newer than this version of Flyway and support has not been tested. The latest supported version of PostgreSQL is 16.
2026-03-14T21:38:48.168+08:00  INFO 41776 --- [account-book-backend] [    Test worker] o.f.c.i.command.clean.CleanExecutor      : Successfully dropped pre-schema database level objects (execution time 00:00.000s)
2026-03-14T21:38:48.204+08:00  INFO 41776 --- [account-book-backend] [    Test worker] o.f.c.i.command.clean.CleanExecutor      : Successfully cleaned schema "public" (execution time 00:00.034s)
2026-03-14T21:38:48.210+08:00  INFO 41776 --- [account-book-backend] [    Test worker] o.f.c.i.command.clean.CleanExecutor      : Successfully cleaned schema "public" (execution time 00:00.005s)
2026-03-14T21:38:48.211+08:00  INFO 41776 --- [account-book-backend] [    Test worker] o.f.c.i.command.clean.CleanExecutor      : Successfully dropped post-schema database level objects (execution time 00:00.000s)
2026-03-14T21:38:48.244+08:00  WARN 41776 --- [account-book-backend] [    Test worker] o.f.c.internal.database.base.Database    : Flyway upgrade recommended: PostgreSQL 18.3 is newer than this version of Flyway and support has not been tested. The latest supported version of PostgreSQL is 16.
2026-03-14T21:38:48.246+08:00  INFO 41776 --- [account-book-backend] [    Test worker] o.f.c.i.s.JdbcTableSchemaHistory         : Schema history table "public"."flyway_schema_history" does not exist yet
2026-03-14T21:38:48.246+08:00  INFO 41776 --- [account-book-backend] [    Test worker] o.f.core.internal.command.DbValidate     : Successfully validated 1 migration (execution time 00:00.002s)
2026-03-14T21:38:48.251+08:00  INFO 41776 --- [account-book-backend] [    Test worker] o.f.c.i.s.JdbcTableSchemaHistory         : Creating Schema History table "public"."flyway_schema_history" ...
2026-03-14T21:38:48.279+08:00  INFO 41776 --- [account-book-backend] [    Test worker] o.f.core.internal.command.DbMigrate      : Current version of schema "public": << Empty Schema >>
2026-03-14T21:38:48.312+08:00  INFO 41776 --- [account-book-backend] [    Test worker] o.f.core.internal.command.DbMigrate      : Migrating schema "public" to version "1 - Init Schema"
2026-03-14T21:38:48.346+08:00  INFO 41776 --- [account-book-backend] [    Test worker] o.f.core.internal.command.DbMigrate      : Successfully applied 1 migration to schema "public", now at version v1 (execution time 00:00.025s)
2026-03-14T21:38:48.378+08:00  INFO 41776 --- [account-book-backend] [    Test worker] o.hibernate.jpa.internal.util.LogHelper  : HHH000204: Processing PersistenceUnitInfo [name: default]
2026-03-14T21:38:48.384+08:00  INFO 41776 --- [account-book-backend] [    Test worker] o.h.c.internal.RegionFactoryInitiator    : HHH000026: Second-level cache disabled
2026-03-14T21:38:48.400+08:00  INFO 41776 --- [account-book-backend] [    Test worker] o.s.o.j.p.SpringPersistenceUnitInfo      : No LoadTimeWeaver setup: ignoring JPA class transformer
2026-03-14T21:38:48.408+08:00  WARN 41776 --- [account-book-backend] [    Test worker] org.hibernate.orm.deprecation            : HHH90000025: PostgreSQLDialect does not need to be specified explicitly using 'hibernate.dialect' (remove the property setting and it will be selected by default)
2026-03-14T21:38:48.547+08:00  INFO 41776 --- [account-book-backend] [    Test worker] o.h.e.t.j.p.i.JtaPlatformInitiator       : HHH000489: No JTA platform available (set 'hibernate.transaction.jta.platform' to enable JTA platform integration)
2026-03-14T21:38:48.557+08:00  INFO 41776 --- [account-book-backend] [    Test worker] j.LocalContainerEntityManagerFactoryBean : Initialized JPA EntityManagerFactory for persistence unit 'default'
Hibernate: 
    select
        ue1_0.id,
        ue1_0.created_at,
        ue1_0.nickname,
        ue1_0.password_hash,
        ue1_0.username 
    from
        users ue1_0 
    where
        ue1_0.username=?
Hibernate: 
    insert 
    into
        users
        (created_at, nickname, password_hash, username) 
    values
        (?, ?, ?, ?) 
    returning id
2026-03-14T21:38:48.810+08:00  WARN 41776 --- [account-book-backend] [    Test worker] JpaBaseConfiguration$JpaWebConfiguration : spring.jpa.open-in-view is enabled by default. Therefore, database queries may be performed during view rendering. Explicitly configure spring.jpa.open-in-view to disable this warning
2026-03-14T21:38:48.959+08:00  INFO 41776 --- [account-book-backend] [    Test worker] o.s.b.t.m.w.SpringBootMockServletContext : Initializing Spring TestDispatcherServlet ''
2026-03-14T21:38:48.959+08:00  INFO 41776 --- [account-book-backend] [    Test worker] o.s.t.web.servlet.TestDispatcherServlet  : Initializing Servlet ''
2026-03-14T21:38:48.959+08:00  INFO 41776 --- [account-book-backend] [    Test worker] o.s.t.web.servlet.TestDispatcherServlet  : Completed initialization in 0 ms
2026-03-14T21:38:48.971+08:00  INFO 41776 --- [account-book-backend] [    Test worker] com.example.app.TransactionApiTest       : Started TransactionApiTest in 1.474 seconds (process running for 10.75)
Hibernate: 
    select
        ce1_0.id,
        ce1_0.icon,
        ce1_0.name,
        ce1_0.user_id 
    from
        categories ce1_0 
    where
        ce1_0.name=?
Hibernate: 
    select
        ue1_0.id,
        ue1_0.created_at,
        ue1_0.nickname,
        ue1_0.password_hash,
        ue1_0.username 
    from
        users ue1_0 
    where
        ue1_0.username=?
Hibernate: 
    insert 
    into
        bills
        (amount, bill_date, category_id, created_at, merchant, remark, shared_book_id, user_id) 
    values
        (?, ?, ?, ?, ?, ?, ?, ?) 
    returning id
Hibernate: 
    update
        bills 
    set
        amount=?,
        bill_date=?,
        category_id=?,
        merchant=?,
        remark=?,
        shared_book_id=?,
        user_id=? 
    where
        id=?
Hibernate: 
    select
        count(*) 
    from
        bills be1_0 
    where
        be1_0.id=?
]]></system-out>
  <system-err><![CDATA[]]></system-err>
</testsuite>
