<?xml version="1.0" encoding="UTF-8"?>
<testsuite name="com.example.app.ApplicationTest" tests="1" skipped="0" failures="0" errors="0" timestamp="2026-03-14T13:38:46.462Z" hostname="LAPTOP-F8G7V5FV" time="0.985">
  <properties/>
  <testcase name="health endpoint should return ok()" classname="com.example.app.ApplicationTest" time="0.985"/>
  <system-out><![CDATA[21:38:38.845 [Test worker] INFO org.springframework.test.context.support.AnnotationConfigContextLoaderUtils -- Could not detect default configuration classes for test class [com.example.app.ApplicationTest]: ApplicationTest does not declare any static, non-private, non-final, nested classes annotated with @Configuration.
21:38:38.917 [Test worker] INFO org.springframework.boot.test.context.SpringBootTestContextBootstrapper -- Found @SpringBootConfiguration com.example.app.Application for test class com.example.app.ApplicationTest

  .   ____          _            __ _ _
 /\\ / ___'_ __ _ _(_)_ __  __ _ \ \ \ \
( ( )\___ | '_ | '_| | '_ \/ _` | \ \ \ \
 \\/  ___)| |_)| | | | | || (_| |  ) ) ) )
  '  |____| .__|_| |_|_| |_\__, | / / / /
 =========|_|==============|___/=/_/_/_/

 :: Spring Boot ::                (v3.3.5)

2026-03-14T21:38:39.205+08:00  INFO 41776 --- [account-book-backend] [    Test worker] com.example.app.ApplicationTest          : Starting ApplicationTest using Java 21.0.9 with PID 41776 (started by lenovo in D:\project\AndroidProject\code_learning\backend\accountbook_backend\account_book\backend)
2026-03-14T21:38:39.205+08:00  INFO 41776 --- [account-book-backend] [    Test worker] com.example.app.ApplicationTest          : No active profile set, falling back to 1 default profile: "default"
2026-03-14T21:38:39.702+08:00  INFO 41776 --- [account-book-backend] [    Test worker] .s.d.r.c.RepositoryConfigurationDelegate : Bootstrapping Spring Data JPA repositories in DEFAULT mode.
2026-03-14T21:38:39.759+08:00  INFO 41776 --- [account-book-backend] [    Test worker] .s.d.r.c.RepositoryConfigurationDelegate : Finished Spring Data repository scanning in 47 ms. Found 3 JPA repository interfaces.
2026-03-14T21:38:40.341+08:00  INFO 41776 --- [account-book-backend] [    Test worker] com.zaxxer.hikari.HikariDataSource       : HikariPool-1 - Starting...
2026-03-14T21:38:40.472+08:00  INFO 41776 --- [account-book-backend] [    Test worker] com.zaxxer.hikari.pool.HikariPool        : HikariPool-1 - Added connection org.postgresql.jdbc.PgConnection@221b77d7
2026-03-14T21:38:40.473+08:00  INFO 41776 --- [account-book-backend] [    Test worker] com.zaxxer.hikari.HikariDataSource       : HikariPool-1 - Start completed.
2026-03-14T21:38:40.494+08:00  INFO 41776 --- [account-book-backend] [    Test worker] org.flywaydb.core.FlywayExecutor         : Database: jdbc:postgresql://localhost:5432/account_book (PostgreSQL 18.3)
2026-03-14T21:38:40.500+08:00  WARN 41776 --- [account-book-backend] [    Test worker] o.f.c.internal.database.base.Database    : Flyway upgrade recommended: PostgreSQL 18.3 is newer than this version of Flyway and support has not been tested. The latest supported version of PostgreSQL is 16.
2026-03-14T21:38:40.528+08:00  INFO 41776 --- [account-book-backend] [    Test worker] o.f.core.internal.command.DbValidate     : Successfully validated 1 migration (execution time 00:00.019s)
2026-03-14T21:38:40.683+08:00  INFO 41776 --- [account-book-backend] [    Test worker] o.f.core.internal.command.DbMigrate      : Current version of schema "public": 1
2026-03-14T21:38:40.685+08:00  INFO 41776 --- [account-book-backend] [    Test worker] o.f.core.internal.command.DbMigrate      : Schema "public" is up to date. No migration necessary.
2026-03-14T21:38:40.754+08:00  INFO 41776 --- [account-book-backend] [    Test worker] o.hibernate.jpa.internal.util.LogHelper  : HHH000204: Processing PersistenceUnitInfo [name: default]
2026-03-14T21:38:40.800+08:00  INFO 41776 --- [account-book-backend] [    Test worker] org.hibernate.Version                    : HHH000412: Hibernate ORM core version 6.5.3.Final
2026-03-14T21:38:40.829+08:00  INFO 41776 --- [account-book-backend] [    Test worker] o.h.c.internal.RegionFactoryInitiator    : HHH000026: Second-level cache disabled
2026-03-14T21:38:41.043+08:00  INFO 41776 --- [account-book-backend] [    Test worker] o.s.o.j.p.SpringPersistenceUnitInfo      : No LoadTimeWeaver setup: ignoring JPA class transformer
2026-03-14T21:38:41.077+08:00  WARN 41776 --- [account-book-backend] [    Test worker] org.hibernate.orm.deprecation            : HHH90000025: PostgreSQLDialect does not need to be specified explicitly using 'hibernate.dialect' (remove the property setting and it will be selected by default)
2026-03-14T21:38:42.529+08:00  INFO 41776 --- [account-book-backend] [    Test worker] o.h.e.t.j.p.i.JtaPlatformInitiator       : HHH000489: No JTA platform available (set 'hibernate.transaction.jta.platform' to enable JTA platform integration)
2026-03-14T21:38:42.581+08:00  INFO 41776 --- [account-book-backend] [    Test worker] j.LocalContainerEntityManagerFactoryBean : Initialized JPA EntityManagerFactory for persistence unit 'default'
2026-03-14T21:38:43.663+08:00  INFO 41776 --- [account-book-backend] [    Test worker] o.s.d.j.r.query.QueryEnhancerFactory     : Hibernate is in classpath; If applicable, HQL parser will be used.
Hibernate: 
    select
        ue1_0.id,
        ue1_0.created_at,
        ue1_0.nickname,
        ue1_0.password_hash,
        ue1_0.username 
    from
        users ue1_0 
    where
        ue1_0.username=?
2026-03-14T21:38:45.584+08:00  WARN 41776 --- [account-book-backend] [    Test worker] JpaBaseConfiguration$JpaWebConfiguration : spring.jpa.open-in-view is enabled by default. Therefore, database queries may be performed during view rendering. Explicitly configure spring.jpa.open-in-view to disable this warning
2026-03-14T21:38:46.360+08:00  INFO 41776 --- [account-book-backend] [    Test worker] o.s.b.t.m.w.SpringBootMockServletContext : Initializing Spring TestDispatcherServlet ''
2026-03-14T21:38:46.361+08:00  INFO 41776 --- [account-book-backend] [    Test worker] o.s.t.web.servlet.TestDispatcherServlet  : Initializing Servlet ''
2026-03-14T21:38:46.364+08:00  INFO 41776 --- [account-book-backend] [    Test worker] o.s.t.web.servlet.TestDispatcherServlet  : Completed initialization in 2 ms
2026-03-14T21:38:46.410+08:00  INFO 41776 --- [account-book-backend] [    Test worker] com.example.app.ApplicationTest          : Started ApplicationTest in 7.397 seconds (process running for 8.188)
]]></system-out>
  <system-err><![CDATA[WARNING: A Java agent has been loaded dynamically (D:\Android\Gradle\caches\modules-2\files-2.1\net.bytebuddy\byte-buddy-agent\1.14.19\154da3a65b4f4a909d3e5bdec55d1b2b4cbb6ce1\byte-buddy-agent-1.14.19.jar)
WARNING: If a serviceability tool is in use, please run with -XX:+EnableDynamicAgentLoading to hide this warning
WARNING: If a serviceability tool is not in use, please run with -Djdk.instrument.traceUsage for more information
WARNING: Dynamic loading of agents will be disallowed by default in a future release
]]></system-err>
</testsuite>
