<?xml version="1.0" encoding="UTF-8"?>
<testsuite name="com.example.app.ApplicationTest" tests="1" skipped="0" failures="0" errors="0" timestamp="2026-03-09T09:59:29.700Z" hostname="诺的笔记本" time="2.654">
  <properties/>
  <testcase name="health endpoint should return ok()" classname="com.example.app.ApplicationTest" time="2.654"/>
  <system-out><![CDATA[17:59:26.225 [Test worker] INFO org.springframework.test.context.support.AnnotationConfigContextLoaderUtils -- Could not detect default configuration classes for test class [com.example.app.ApplicationTest]: ApplicationTest does not declare any static, non-private, non-final, nested classes annotated with @Configuration.
17:59:26.340 [Test worker] INFO org.springframework.boot.test.context.SpringBootTestContextBootstrapper -- Found @SpringBootConfiguration com.example.app.Application for test class com.example.app.ApplicationTest

  .   ____          _            __ _ _
 /\\ / ___'_ __ _ _(_)_ __  __ _ \ \ \ \
( ( )\___ | '_ | '_| | '_ \/ _` | \ \ \ \
 \\/  ___)| |_)| | | | | || (_| |  ) ) ) )
  '  |____| .__|_| |_|_| |_\__, | / / / /
 =========|_|==============|___/=/_/_/_/

 :: Spring Boot ::                (v3.3.5)

2026-03-09T17:59:26.768+08:00  INFO 43360 --- [account-book-backend] [    Test worker] com.example.app.ApplicationTest          : Starting ApplicationTest using Java 21.0.10 with PID 43360 (started by Asher in G:\account_book\account_book\backend)
2026-03-09T17:59:26.768+08:00  INFO 43360 --- [account-book-backend] [    Test worker] com.example.app.ApplicationTest          : No active profile set, falling back to 1 default profile: "default"
2026-03-09T17:59:27.424+08:00  INFO 43360 --- [account-book-backend] [    Test worker] .s.d.r.c.RepositoryConfigurationDelegate : Bootstrapping Spring Data JPA repositories in DEFAULT mode.
2026-03-09T17:59:27.454+08:00  INFO 43360 --- [account-book-backend] [    Test worker] .s.d.r.c.RepositoryConfigurationDelegate : Finished Spring Data repository scanning in 19 ms. Found 0 JPA repository interfaces.
2026-03-09T17:59:27.889+08:00  INFO 43360 --- [account-book-backend] [    Test worker] com.zaxxer.hikari.HikariDataSource       : HikariPool-1 - Starting...
2026-03-09T17:59:28.077+08:00  INFO 43360 --- [account-book-backend] [    Test worker] com.zaxxer.hikari.pool.HikariPool        : HikariPool-1 - Added connection conn0: url=jdbc:h2:mem:57c5220b-848a-4411-8ca7-03bffe84b060 user=SA
2026-03-09T17:59:28.079+08:00  INFO 43360 --- [account-book-backend] [    Test worker] com.zaxxer.hikari.HikariDataSource       : HikariPool-1 - Start completed.
2026-03-09T17:59:28.120+08:00  INFO 43360 --- [account-book-backend] [    Test worker] o.hibernate.jpa.internal.util.LogHelper  : HHH000204: Processing PersistenceUnitInfo [name: default]
2026-03-09T17:59:28.186+08:00  INFO 43360 --- [account-book-backend] [    Test worker] org.hibernate.Version                    : HHH000412: Hibernate ORM core version 6.5.3.Final
2026-03-09T17:59:28.217+08:00  INFO 43360 --- [account-book-backend] [    Test worker] o.h.c.internal.RegionFactoryInitiator    : HHH000026: Second-level cache disabled
2026-03-09T17:59:28.505+08:00  INFO 43360 --- [account-book-backend] [    Test worker] o.s.o.j.p.SpringPersistenceUnitInfo      : No LoadTimeWeaver setup: ignoring JPA class transformer
2026-03-09T17:59:28.873+08:00  INFO 43360 --- [account-book-backend] [    Test worker] o.h.e.t.j.p.i.JtaPlatformInitiator       : HHH000489: No JTA platform available (set 'hibernate.transaction.jta.platform' to enable JTA platform integration)
2026-03-09T17:59:28.878+08:00  INFO 43360 --- [account-book-backend] [    Test worker] j.LocalContainerEntityManagerFactoryBean : Initialized JPA EntityManagerFactory for persistence unit 'default'
2026-03-09T17:59:29.090+08:00  WARN 43360 --- [account-book-backend] [    Test worker] JpaBaseConfiguration$JpaWebConfiguration : spring.jpa.open-in-view is enabled by default. Therefore, database queries may be performed during view rendering. Explicitly configure spring.jpa.open-in-view to disable this warning
2026-03-09T17:59:29.642+08:00  INFO 43360 --- [account-book-backend] [    Test worker] o.s.b.t.m.w.SpringBootMockServletContext : Initializing Spring TestDispatcherServlet ''
2026-03-09T17:59:29.642+08:00  INFO 43360 --- [account-book-backend] [    Test worker] o.s.t.web.servlet.TestDispatcherServlet  : Initializing Servlet ''
2026-03-09T17:59:29.643+08:00  INFO 43360 --- [account-book-backend] [    Test worker] o.s.t.web.servlet.TestDispatcherServlet  : Completed initialization in 1 ms
2026-03-09T17:59:29.675+08:00  INFO 43360 --- [account-book-backend] [    Test worker] com.example.app.ApplicationTest          : Started ApplicationTest in 3.183 seconds (process running for 4.392)
]]></system-out>
  <system-err><![CDATA[WARNING: A Java agent has been loaded dynamically (C:\Users\Asher\.gradle\caches\modules-2\files-2.1\net.bytebuddy\byte-buddy-agent\1.14.19\154da3a65b4f4a909d3e5bdec55d1b2b4cbb6ce1\byte-buddy-agent-1.14.19.jar)
WARNING: If a serviceability tool is in use, please run with -XX:+EnableDynamicAgentLoading to hide this warning
WARNING: If a serviceability tool is not in use, please run with -Djdk.instrument.traceUsage for more information
WARNING: Dynamic loading of agents will be disallowed by default in a future release
]]></system-err>
</testsuite>
